{"C:\\Users\\Rodrigo\\Desktop\\Projects\\palindrome-jest-testing\\isPalindrome.js": {"path":"C:\\Users\\Rodrigo\\Desktop\\Projects\\palindrome-jest-testing\\isPalindrome.js","all":false,"statementMap":{"0":{"start":{"line":1,"column":0},"end":{"line":1,"column":33}},"1":{"start":{"line":2,"column":0},"end":{"line":2,"column":102}},"2":{"start":{"line":3,"column":0},"end":{"line":3,"column":0}},"3":{"start":{"line":4,"column":0},"end":{"line":4,"column":58}},"4":{"start":{"line":5,"column":0},"end":{"line":5,"column":50}},"5":{"start":{"line":6,"column":0},"end":{"line":6,"column":21}},"6":{"start":{"line":7,"column":0},"end":{"line":7,"column":7}},"7":{"start":{"line":8,"column":0},"end":{"line":8,"column":5}},"8":{"start":{"line":9,"column":0},"end":{"line":9,"column":2}},"9":{"start":{"line":10,"column":0},"end":{"line":10,"column":16}},"10":{"start":{"line":11,"column":0},"end":{"line":11,"column":4}},"11":{"start":{"line":12,"column":0},"end":{"line":12,"column":2}},"12":{"start":{"line":13,"column":0},"end":{"line":13,"column":43}},"13":{"start":{"line":14,"column":0},"end":{"line":14,"column":22}},"14":{"start":{"line":15,"column":0},"end":{"line":15,"column":18}},"15":{"start":{"line":16,"column":0},"end":{"line":16,"column":5}},"16":{"start":{"line":17,"column":0},"end":{"line":17,"column":2}},"17":{"start":{"line":18,"column":0},"end":{"line":18,"column":44}},"18":{"start":{"line":19,"column":0},"end":{"line":19,"column":19}},"19":{"start":{"line":20,"column":0},"end":{"line":20,"column":5}},"20":{"start":{"line":21,"column":0},"end":{"line":21,"column":2}},"21":{"start":{"line":22,"column":0},"end":{"line":22,"column":57}},"22":{"start":{"line":23,"column":0},"end":{"line":23,"column":3}},"23":{"start":{"line":24,"column":0},"end":{"line":24,"column":2}},"24":{"start":{"line":25,"column":0},"end":{"line":25,"column":32}}},"s":{"0":1,"1":16,"2":16,"3":16,"4":43,"5":6,"6":6,"7":43,"8":10,"9":10,"10":10,"11":1,"12":1,"13":0,"14":0,"15":0,"16":0,"17":0,"18":0,"19":0,"20":0,"21":0,"22":0,"23":1,"24":1},"branchMap":{"0":{"type":"branch","line":1,"loc":{"start":{"line":1,"column":22},"end":{"line":11,"column":4}},"locations":[{"start":{"line":1,"column":22},"end":{"line":11,"column":4}}]},"1":{"type":"branch","line":4,"loc":{"start":{"line":4,"column":57},"end":{"line":8,"column":5}},"locations":[{"start":{"line":4,"column":57},"end":{"line":8,"column":5}}]},"2":{"type":"branch","line":5,"loc":{"start":{"line":5,"column":49},"end":{"line":7,"column":7}},"locations":[{"start":{"line":5,"column":49},"end":{"line":7,"column":7}}]},"3":{"type":"branch","line":9,"loc":{"start":{"line":9,"column":-2},"end":{"line":11,"column":4}},"locations":[{"start":{"line":9,"column":-2},"end":{"line":11,"column":4}}]}},"b":{"0":[16],"1":[43],"2":[6],"3":[10]},"fnMap":{"0":{"name":"isPalindrome","decl":{"start":{"line":1,"column":22},"end":{"line":11,"column":4}},"loc":{"start":{"line":1,"column":22},"end":{"line":11,"column":4}},"line":1},"1":{"name":"isPalindromeRecursive","decl":{"start":{"line":13,"column":33},"end":{"line":23,"column":3}},"loc":{"start":{"line":13,"column":33},"end":{"line":23,"column":3}},"line":13}},"f":{"0":16,"1":0}}
}
